<?xml version="1.0" encoding="UTF-8"?>
<!-- Generated by org.testng.reporters.JUnitReportReporter -->
<testsuite hostname="CEL-BLR-LT-164" failures="0" tests="1" name="extentreports.ToLearnExtentReports" time="0.479" errors="0" timestamp="2025-05-24T12:59:06 IST" skipped="0">
  <testcase classname="extentreports.ToLearnExtentReports" name="createReport" time="0.479"/>
</testsuite> <!-- extentreports.ToLearnExtentReports -->
