<?xml version="1.0" encoding="UTF-8"?>
<!-- Generated by org.testng.reporters.JUnitReportReporter -->
<testsuite hostname="CEL-BLR-LT-164" failures="0" tests="1" name="extentreports.AddingScreenshotIntoReport" time="9.299" errors="0" timestamp="2025-05-31T10:35:43 IST" skipped="0">
  <testcase classname="extentreports.AddingScreenshotIntoReport" name="addScreenshot" time="9.299"/>
</testsuite> <!-- extentreports.AddingScreenshotIntoReport -->
